PayPal\Core\PPHttpConnection: Connecting to https://api.sandbox.paypal.com/v1/oauth2/token
PayPal\Core\PPHttpConnection: Payload grant_type=client_credentials
PayPal\Core\PPHttpConnection: Adding header User-Agent: PayPalSDK/rest-sdk-php 0.6.0 (lang=PHP;v=5.4.24;bit=64;os=Darwin_13.3.0;machine=x86_64;openssl=0.9.8y;curl=7.30.0)
PayPal\Core\PPHttpConnection: Adding header Authorization: Basic NDIzODYwMjAwLWZhY2lsaXRhdG9yX2FwaTEucXEuY29tOlQ4OVJXTDZXRllOVzVYUTU=
PayPal\Core\PPHttpConnection: Adding header Accept: */*
PayPal\Core\PPHttpConnection: Connecting to https://api.sandbox.paypal.com/v1/oauth2/token
PayPal\Core\PPHttpConnection: Payload grant_type=client_credentials
PayPal\Core\PPHttpConnection: Adding header User-Agent: PayPalSDK/rest-sdk-php 0.6.0 (lang=PHP;v=5.4.24;bit=64;os=Darwin_13.3.0;machine=x86_64;openssl=0.9.8y;curl=7.30.0)
PayPal\Core\PPHttpConnection: Adding header Authorization: Basic NDIzODYwMjAwLWZhY2lsaXRhdG9yX2FwaTEucXEuY29tOlQ4OVJXTDZXRllOVzVYUTU=
PayPal\Core\PPHttpConnection: Adding header Accept: */*
PayPal\Core\PPHttpConnection: Connecting to https://api.sandbox.paypal.com/v1/oauth2/token
PayPal\Core\PPHttpConnection: Payload grant_type=client_credentials
PayPal\Core\PPHttpConnection: Adding header User-Agent: PayPalSDK/rest-sdk-php 0.6.0 (lang=PHP;v=5.4.24;bit=64;os=Darwin_13.3.0;machine=x86_64;openssl=0.9.8y;curl=7.30.0)
PayPal\Core\PPHttpConnection: Adding header Authorization: Basic QUFGYVhDc2QzUHM5ejVCS2d6US5FZ0dKdzdkNEFjd3ZzajJRRkpUMTRXOFkwZzZBdGh6ZVo0MzE6VDg5UldMNldGWU5XNVhRNQ==
PayPal\Core\PPHttpConnection: Adding header Accept: */*
PayPal\Core\PPHttpConnection: Connecting to https://api.sandbox.paypal.com/v1/oauth2/token
PayPal\Core\PPHttpConnection: Payload grant_type=client_credentials
PayPal\Core\PPHttpConnection: Adding header User-Agent: PayPalSDK/rest-sdk-php 0.6.0 (lang=PHP;v=5.4.24;bit=64;os=Darwin_13.3.0;machine=x86_64;openssl=0.9.8y;curl=7.30.0)
PayPal\Core\PPHttpConnection: Adding header Authorization: Basic QUFGYVhDc2QzUHM5ejVCS2d6US5FZ0dKdzdkNEFjd3ZzajJRRkpUMTRXOFkwZzZBdGh6ZVo0MzE6VDg5UldMNldGWU5XNVhRNQ==
PayPal\Core\PPHttpConnection: Adding header Accept: */*
PayPal\Core\PPHttpConnection: Connecting to https://api.sandbox.paypal.com/v1/oauth2/token
PayPal\Core\PPHttpConnection: Payload grant_type=client_credentials
PayPal\Core\PPHttpConnection: Adding header User-Agent: PayPalSDK/rest-sdk-php 0.6.0 (lang=PHP;v=5.4.24;bit=64;os=Darwin_13.3.0;machine=x86_64;openssl=0.9.8y;curl=7.30.0)
PayPal\Core\PPHttpConnection: Adding header Authorization: Basic QUFGYVhDc2QzUHM5ejVCS2d6US5FZ0dKdzdkNEFjd3ZzajJRRkpUMTRXOFkwZzZBdGh6ZVo0MzE6VDg5UldMNldGWU5XNVhRNQ==
PayPal\Core\PPHttpConnection: Adding header Accept: */*
PayPal\Core\PPHttpConnection: Connecting to https://api.sandbox.paypal.com/v1/oauth2/token
PayPal\Core\PPHttpConnection: Payload grant_type=client_credentials
PayPal\Core\PPHttpConnection: Adding header User-Agent: PayPalSDK/rest-sdk-php 0.6.0 (lang=PHP;v=5.4.24;bit=64;os=Darwin_13.3.0;machine=x86_64;openssl=0.9.8y;curl=7.30.0)
PayPal\Core\PPHttpConnection: Adding header Authorization: Basic QVZKeDBSQXJRemtDQ3NXQzBldlppMVNzb080Z3hqRGtrVUxRQmRtUE5CWjRmYzE0QVJPVXEtZXRNRVk6RUg1RjBCQXhxb25WblA4TTRhMGM2ZXpVSHEtVVQtQ1dmR2NpUE5RZFVsVHBXUGtOeXVTNmVETi10cEE=
PayPal\Core\PPHttpConnection: Adding header Accept: */*
PayPal\Core\PPHttpConnection: Connecting to https://api.sandbox.paypal.com/v1/oauth2/token
PayPal\Core\PPHttpConnection: Payload grant_type=client_credentials
PayPal\Core\PPHttpConnection: Adding header User-Agent: PayPalSDK/rest-sdk-php 0.6.0 (lang=PHP;v=5.4.24;bit=64;os=Darwin_13.3.0;machine=x86_64;openssl=0.9.8y;curl=7.30.0)
PayPal\Core\PPHttpConnection: Adding header Authorization: Basic QVZKeDBSQXJRemtDQ3NXQzBldlppMVNzb080Z3hqRGtrVUxRQmRtUE5CWjRmYzE0QVJPVXEtZXRNRVk6RUg1RjBCQXhxb25WblA4TTRhMGM2ZXpVSHEtVVQtQ1dmR2NpUE5RZFVsVHBXUGtOeXVTNmVETi10cEE=
PayPal\Core\PPHttpConnection: Adding header Accept: */*
PayPal\Core\PPHttpConnection: Connecting to https://api.sandbox.paypal.com/v1/oauth2/token
PayPal\Core\PPHttpConnection: Payload grant_type=client_credentials
PayPal\Core\PPHttpConnection: Adding header User-Agent: PayPalSDK/rest-sdk-php 0.6.0 (lang=PHP;v=5.4.24;bit=64;os=Darwin_13.3.0;machine=x86_64;openssl=0.9.8y;curl=7.30.0)
PayPal\Core\PPHttpConnection: Adding header Authorization: Basic QVZKeDBSQXJRemtDQ3NXQzBldlppMVNzb080Z3hqRGtrVUxRQmRtUE5CWjRmYzE0QVJPVXEtZXRNRVk6RUg1RjBCQXhxb25WblA4TTRhMGM2ZXpVSHEtVVQtQ1dmR2NpUE5RZFVsVHBXUGtOeXVTNmVETi10cEE=
PayPal\Core\PPHttpConnection: Adding header Accept: */*
PayPal\Core\PPHttpConnection: Connecting to https://api.sandbox.paypal.com/v1/oauth2/token
PayPal\Core\PPHttpConnection: Payload grant_type=client_credentials
PayPal\Core\PPHttpConnection: Adding header User-Agent: PayPalSDK/rest-sdk-php 0.6.0 (lang=PHP;v=5.4.24;bit=64;os=Darwin_13.3.0;machine=x86_64;openssl=0.9.8y;curl=7.30.0)
PayPal\Core\PPHttpConnection: Adding header Authorization: Basic QVZKeDBSQXJRemtDQ3NXQzBldlppMVNzb080Z3hqRGtrVUxRQmRtUE5CWjRmYzE0QVJPVXEtZXRNRVk6RUg1RjBCQXhxb25WblA4TTRhMGM2ZXpVSHEtVVQtQ1dmR2NpUE5RZFVsVHBXUGtOeXVTNmVETi10cEE=
PayPal\Core\PPHttpConnection: Adding header Accept: */*
PayPal\Core\PPHttpConnection: Connecting to https://api.sandbox.paypal.com/v1/oauth2/token
PayPal\Core\PPHttpConnection: Payload grant_type=client_credentials
PayPal\Core\PPHttpConnection: Adding header User-Agent: PayPalSDK/rest-sdk-php 0.6.0 (lang=PHP;v=5.4.24;bit=64;os=Darwin_13.3.0;machine=x86_64;openssl=0.9.8y;curl=7.30.0)
PayPal\Core\PPHttpConnection: Adding header Authorization: Basic QVZKeDBSQXJRemtDQ3NXQzBldlppMVNzb080Z3hqRGtrVUxRQmRtUE5CWjRmYzE0QVJPVXEtZXRNRVk6RUg1RjBCQXhxb25WblA4TTRhMGM2ZXpVSHEtVVQtQ1dmR2NpUE5RZFVsVHBXUGtOeXVTNmVETi10cEE=
PayPal\Core\PPHttpConnection: Adding header Accept: */*
PayPal\Core\PPHttpConnection: Connecting to https://api.sandbox.paypal.com/v1/oauth2/token
PayPal\Core\PPHttpConnection: Payload grant_type=client_credentials
PayPal\Core\PPHttpConnection: Adding header User-Agent: PayPalSDK/rest-sdk-php 0.6.0 (lang=PHP;v=5.4.24;bit=64;os=Darwin_13.3.0;machine=x86_64;openssl=0.9.8y;curl=7.30.0)
PayPal\Core\PPHttpConnection: Adding header Authorization: Basic QVZKeDBSQXJRemtDQ3NXQzBldlppMVNzb080Z3hqRGtrVUxRQmRtUE5CWjRmYzE0QVJPVXEtZXRNRVk6RUg1RjBCQXhxb25WblA4TTRhMGM2ZXpVSHEtVVQtQ1dmR2NpUE5RZFVsVHBXUGtOeXVTNmVETi10cEE=
PayPal\Core\PPHttpConnection: Adding header Accept: */*
